<?xml version="1.0" encoding="UTF-8"?>
<!-- Generated by org.testng.reporters.JUnitReportReporter -->
<testsuite hostname="LAPTOP-6FQRJHN1" failures="0" tests="1" name="loginScript.Logscrip" time="9.242" errors="0" timestamp="2022-09-13T11:33:31 IST" skipped="0">
  <testcase classname="loginScript.Logscrip" name="Validlogin" time="9.242"/>
  <system-out/>
</testsuite> <!-- loginScript.Logscrip -->
