<?xml version="1.0" encoding="UTF-8"?>
<!-- Generated by org.testng.reporters.JUnitReportReporter -->
<testsuite hostname="LAPTOP-6FQRJHN1" failures="0" tests="1" name="sin.Scri" time="8.634" errors="0" timestamp="2022-09-10T21:22:35 IST" skipped="0">
  <testcase classname="sin.Scri" name="Validlogin" time="8.634"/>
  <system-out/>
</testsuite> <!-- sin.Scri -->
