<?xml version="1.0" encoding="UTF-8"?>
<!-- Generated by org.testng.reporters.JUnitReportReporter -->
<testsuite hostname="LAPTOP-6FQRJHN1" failures="0" tests="1" name="ss.Scri" time="8.588" errors="0" timestamp="2022-09-10T21:17:48 IST" skipped="0">
  <testcase classname="ss.Scri" name="Validlogin" time="8.588"/>
  <system-out/>
</testsuite> <!-- ss.Scri -->
