<?xml version="1.0" encoding="UTF-8"?>
<!-- Generated by org.testng.reporters.JUnitReportReporter -->
<testsuite hostname="LAPTOP-6FQRJHN1" failures="0" tests="1" name="loginScript.Fblog" time="8.957" errors="0" timestamp="2022-09-13T11:43:01 IST" skipped="0">
  <testcase classname="loginScript.Fblog" name="Fblogin" time="8.957"/>
  <system-out/>
</testsuite> <!-- loginScript.Fblog -->
